<?xml version="1.0" encoding="UTF-8"?>
<!-- Generated by org.testng.reporters.JUnitReportReporter -->
<testsuite skipped="0" hostname="IN-SAGARIKADAS" name="com.test.ProjectCreation" tests="1" failures="0" timestamp="06 May 2019 12:14:56 GMT" time="6.908" errors="0">
  <testcase name="CreateNewProject" time="6.908" classname="com.test.ProjectCreation"/>
</testsuite> <!-- com.test.ProjectCreation -->
