<?xml version="1.0" encoding="UTF-8"?>
<!-- Generated by org.testng.reporters.JUnitReportReporter -->
<testsuite skipped="0" hostname="IN-SAGARIKADAS" name="com.test.MyTest" tests="1" failures="0" timestamp="20 Jan 2020 13:15:22 GMT" time="103.133" errors="0">
  <testcase name="CreateNewRequest" time="103.133" classname="com.test.MyTest"/>
</testsuite> <!-- com.test.MyTest -->
